Node.js server running on http://localhost:8000
Node.js server running on http://localhost:8080
Node.js server running on http://localhost:8080
Server running at https://localhost:8080
Server running at https://localhost:8080
Server running at https://localhost:8080
New contact form submission:
Name: Jason
Email: producedbydeftouch@gmail.com
Message: hello
Server running at https://localhost:8080
📩New contact form submission:
Name: tobe
Email: umunna.tobe@gmail.com
Message: hello
Server running at https://localhost:8080
📩New contact form submission:
Name: tobe
Email: umunna.tobe@gmail.com
Message: kks
Server running at https://localhost:8080
Server running at https://localhost:8080
📩New contact form submission:
Name: tobe
Email: umunna.tobe@gmail.com
Message: kk
Server running at https://localhost:8080
Server running at https://localhost:8080
📩New contact form submission:
Name: tobe
Email: umunna.tobe@gmail.com
Message: kk
Server running at https://localhost:8080
📩New contact form submission:
Name: tobe
Email: umunna.tobe@gmail.com
Message: kk
Server running at https://localhost:8080
Server running at https://localhost:8080
Server running at https://localhost:8080
Server running at https://localhost:8080
📩New contact form submission:
Name: tobe
Email: umunna.tobe@gmail.com
Message: kk
Server running at https://localhost:8080
📩New contact form submission:
Name: tobe
Email: umunna.tobe@gmail.com
Message: kk
Server running at https://localhost:8080
Server running at https://localhost:8080
📩New contact form submission:
Name: Joe
Email: joe@Gmail.com
Message: kk
Server running at https://localhost:8080
📩New contact form submission:
Name: Joej
Email: joe@gmail.com
Message: gg
Server running at https://localhost:8080
Server running at https://localhost:8080
Server running at https://localhost:8080
Server running at https://localhost:8080
Server running at https://localhost:8080
Server running at https://localhost:8080
Server running at https://localhost:8080
Server running at https://localhost:8080
Server running at https://localhost:8080
Server running at https://localhost:8080
Server running at https://localhost:8080
Server running at https://localhost:8080
Server running at https://localhost:8080
📩New contact form submission:
Name: tobe
Email: umunna@gmail.com
Message: kk
Server running at https://localhost:8080
Server running at https://localhost:8080
Server running at https://localhost:8080
Server running at https://localhost:8080
Server running at https://localhost:8080
Server running at https://localhost:8080
Server running at https://localhost:8080
Server running at https://localhost:8080
Server running at https://localhost:8080
Server running at https://localhost:8080
Server running at https://localhost:8080
📩New contact form submission:
Name: tone
Email: s@gmail.com
Message: kk
📩New contact form submission:
Name: js
Email: a@gmai.com
Message: jj
